start! 2020/08/12 03:17:22
algorithem:1 pred:[18.26, 17.95, 18.33, 17.68]
algorithem:1 pred:[18.15, 18.1, 18.42, 18.36]
algorithem:1 pred:[18.46, 19.15, 19.32, 18.09]
algorithem:1 pred:[19.2, 19.61, 19.74, 19.12]
algorithem:1 pred:[19.62, 19.56, 19.72, 19.49]
algorithem:1 pred:[20.44, 20.67, 21.14, 20.13]
algorithem:1 pred:[18.01, 17.72, 18.44, 17.44]
algorithem:1 pred:[17.58, 17.68, 17.94, 17.1]
algorithem:1 pred:[20.04, 19.54, 19.99, 20.09]
algorithem:1 pred:[17.86, 18.83, 18.14, 18.18]

algorithem:2 pred:[18.76, 18.88, 19.17, 18.19]
algorithem:2 pred:[18.24, 18.95, 19.54, 18.43]
algorithem:2 pred:[17.92, 19.39, 19.36, 18.43]
algorithem:2 pred:[19.22, 18.49, 19.98, 19.24]
algorithem:2 pred:[19.26, 19.87, 21.01, 18.74]
algorithem:2 pred:[20.41, 20.69, 20.13, 19.82]
algorithem:2 pred:[19.64, 18.2, 20.27, 19.18]
algorithem:2 pred:[18.95, 19.72, 20.05, 19.34]
algorithem:2 pred:[19.52, 19.64, 20.28, 19.92]
algorithem:2 pred:[18.37, 20.52, 19.69, 19.24]

algorithem:3 pred:[17.72, 19.2, 19.61, 18.72]
algorithem:3 pred:[17.68, 19.09, 19.59, 17.29]
algorithem:3 pred:[19.16, 18.77, 19.27, 17.5]
algorithem:3 pred:[18.68, 18.6, 18.64, 17.97]
algorithem:3 pred:[18.43, 19.87, 20.45, 18.04]
algorithem:3 pred:[18.47, 18.85, 19.14, 18.38]
algorithem:3 pred:[18.59, 18.44, 18.95, 18.16]
algorithem:3 pred:[18.32, 18.3, 18.2, 17.85]
algorithem:3 pred:[18.38, 18.39, 18.2, 14.77]
algorithem:3 pred:[18.18, 18.09, 18.57, 17.64]

AVERAGE:
[[18.25 18.68 19.04 18.2 ]
 [18.02 18.71 19.18 18.03]
 [18.51 19.1  19.32 18.01]
 [19.03 18.9  19.45 18.78]
 [19.1  19.77 20.39 18.76]
 [19.77 20.07 20.14 19.44]
 [18.75 18.12 19.22 18.26]
 [18.28 18.57 18.73 18.1 ]
 [19.31 19.19 19.49 18.26]
 [18.14 19.15 18.8  18.35]]
over! 2020/08/12 03:19:38
