start! 2020/08/12 03:13:55
algorithem:1 pred:[46.13, 45.39, 47.02, 43.99]
algorithem:1 pred:[44.53, 44.79, 45.97, 43.22]
algorithem:1 pred:[47.93, 49.49, 49.84, 47.79]
algorithem:1 pred:[47.93, 45.72, 47.17, 45.97]
algorithem:1 pred:[45.36, 44.93, 46.03, 43.26]
algorithem:1 pred:[44.71, 42.5, 44.09, 42.89]
algorithem:1 pred:[43.53, 44.26, 45.18, 42.64]
algorithem:1 pred:[47.09, 47.32, 48.04, 46.05]
algorithem:1 pred:[43.51, 43.94, 44.96, 42.73]
algorithem:1 pred:[44.87, 44.96, 46.09, 44.11]

algorithem:2 pred:[45.86, 45.96, 46.74, 45.45]
algorithem:2 pred:[46.37, 46.83, 46.89, 45.6]
algorithem:2 pred:[46.91, 44.17, 47.2, 45.54]
algorithem:2 pred:[45.98, 46.63, 46.35, 45.24]
algorithem:2 pred:[45.52, 46.4, 46.94, 45.09]
algorithem:2 pred:[45.52, 46.58, 46.86, 45.32]
algorithem:2 pred:[45.72, 45.06, 46.52, 45.4]
algorithem:2 pred:[45.22, 45.78, 46.67, 44.68]
algorithem:2 pred:[45.22, 45.66, 45.91, 45.03]
algorithem:2 pred:[46.14, 46.02, 47.54, 43.83]

algorithem:3 pred:[45.08, 45.05, 45.87, 44.29]
algorithem:3 pred:[44.91, 45.12, 45.85, 44.12]
algorithem:3 pred:[44.78, 45.02, 45.76, 44.03]
algorithem:3 pred:[44.81, 45.03, 41.18, 44.01]
algorithem:3 pred:[45.0, 45.17, 46.04, 44.27]
algorithem:3 pred:[44.78, 45.11, 45.74, 44.13]
algorithem:3 pred:[44.93, 45.23, 46.01, 44.18]
algorithem:3 pred:[44.8, 45.15, 45.91, 44.09]
algorithem:3 pred:[44.61, 44.94, 45.6, 43.88]
algorithem:3 pred:[45.11, 45.49, 46.19, 44.55]

AVERAGE:
[[45.69 45.47 46.54 44.58]
 [45.27 45.58 46.24 44.31]
 [46.54 46.23 47.6  45.79]
 [46.24 45.79 44.9  45.07]
 [45.29 45.5  46.34 44.21]
 [45.   44.73 45.56 44.11]
 [44.73 44.85 45.9  44.07]
 [45.7  46.08 46.87 44.94]
 [44.45 44.85 45.49 43.88]
 [45.37 45.49 46.61 44.16]]
over! 2020/08/12 03:16:17
