start! 2020/08/12 03:22:38
algorithem:1 pred:[92.53, 92.39, 93.25, 90.86]
algorithem:1 pred:[92.22, 90.78, 93.0, 89.68]
algorithem:1 pred:[89.2, 88.09, 90.41, 87.11]
algorithem:1 pred:[93.69, 91.19, 94.37, 90.89]
algorithem:1 pred:[92.22, 94.41, 94.28, 91.24]
algorithem:1 pred:[94.76, 92.63, 95.55, 91.76]
algorithem:1 pred:[90.49, 92.74, 93.91, 89.33]
algorithem:1 pred:[88.99, 87.03, 89.61, 86.36]
algorithem:1 pred:[93.09, 95.91, 96.69, 91.75]
algorithem:1 pred:[91.29, 91.45, 93.62, 90.28]

algorithem:2 pred:[92.95, 91.81, 93.62, 93.87]
algorithem:2 pred:[96.0, 94.35, 91.19, 93.19]
algorithem:2 pred:[93.16, 97.16, 96.82, 94.6]
algorithem:2 pred:[97.0, 96.57, 98.53, 94.01]
algorithem:2 pred:[97.88, 96.96, 101.36, 93.86]
algorithem:2 pred:[93.75, 95.93, 97.36, 94.82]
algorithem:2 pred:[96.66, 94.72, 95.89, 93.7]
algorithem:2 pred:[96.28, 95.21, 98.91, 95.4]
algorithem:2 pred:[96.97, 94.54, 95.58, 94.8]
algorithem:2 pred:[95.78, 95.6, 97.77, 95.9]

algorithem:3 pred:[92.17, 89.4, 90.1, 87.08]
algorithem:3 pred:[92.91, 92.42, 93.6, 90.32]
algorithem:3 pred:[97.5, 97.32, 99.33, 95.88]
algorithem:3 pred:[97.92, 98.04, 99.79, 96.01]
algorithem:3 pred:[97.71, 96.67, 98.71, 95.89]
algorithem:3 pred:[97.67, 96.77, 98.72, 95.95]
algorithem:3 pred:[97.67, 91.51, 92.51, 95.95]
algorithem:3 pred:[97.65, 91.65, 92.47, 95.17]
algorithem:3 pred:[97.75, 96.81, 98.69, 95.31]
algorithem:3 pred:[97.36, 97.82, 99.62, 95.72]

AVERAGE:
[[92.55 91.2  92.32 90.6 ]
 [93.71 92.52 92.6  91.06]
 [93.29 94.19 95.52 92.53]
 [96.2  95.27 97.56 93.64]
 [95.94 96.01 98.12 93.66]
 [95.39 95.11 97.21 94.18]
 [94.94 92.99 94.1  92.99]
 [94.31 91.3  93.66 92.31]
 [95.94 95.75 96.99 93.95]
 [94.81 94.96 97.   93.97]]
over! 2020/08/12 03:27:09
