start! 2020/08/12 03:06:30
algorithem:1 pred:[60.72, 60.81, 61.65, 59.88]
algorithem:1 pred:[60.9, 61.6, 62.19, 60.63]
algorithem:1 pred:[62.4, 62.47, 63.22, 62.06]
algorithem:1 pred:[61.75, 62.19, 63.08, 61.23]
algorithem:1 pred:[60.8, 62.32, 62.22, 60.61]
algorithem:1 pred:[63.45, 63.93, 64.87, 62.51]
algorithem:1 pred:[63.34, 63.82, 64.16, 62.41]
algorithem:1 pred:[65.96, 66.13, 67.32, 64.43]
algorithem:1 pred:[64.62, 63.77, 65.39, 64.13]
algorithem:1 pred:[64.41, 64.93, 65.15, 64.12]

algorithem:2 pred:[61.96, 60.26, 61.29, 60.04]
algorithem:2 pred:[61.02, 61.9, 61.53, 60.54]
algorithem:2 pred:[60.74, 60.31, 61.91, 59.34]
algorithem:2 pred:[60.33, 59.31, 61.49, 59.31]
algorithem:2 pred:[56.36, 58.59, 60.69, 57.2]
algorithem:2 pred:[59.06, 59.84, 61.06, 59.82]
algorithem:2 pred:[57.55, 60.14, 60.43, 57.52]
algorithem:2 pred:[59.4, 57.48, 60.28, 58.37]
algorithem:2 pred:[58.18, 59.4, 60.73, 56.74]
algorithem:2 pred:[58.14, 56.83, 58.15, 56.87]

algorithem:3 pred:[59.26, 59.0, 60.05, 58.01]
algorithem:3 pred:[58.86, 58.78, 59.74, 57.98]
algorithem:3 pred:[59.16, 61.19, 61.23, 58.27]
algorithem:3 pred:[60.06, 61.31, 61.03, 60.31]
algorithem:3 pred:[60.02, 61.2, 60.98, 58.87]
algorithem:3 pred:[61.41, 61.25, 61.02, 60.13]
algorithem:3 pred:[59.94, 61.26, 61.1, 60.14]
algorithem:3 pred:[61.48, 61.27, 61.33, 60.15]
algorithem:3 pred:[61.31, 61.28, 61.24, 60.15]
algorithem:3 pred:[59.79, 61.23, 60.85, 60.06]

AVERAGE:
[[60.65 60.02 61.   59.31]
 [60.26 60.76 61.15 59.72]
 [60.77 61.32 62.12 59.89]
 [60.71 60.94 61.87 60.28]
 [59.06 60.7  61.3  58.89]
 [61.31 61.67 62.32 60.82]
 [60.28 61.74 61.9  60.02]
 [62.28 61.63 62.98 60.98]
 [61.37 61.48 62.45 60.34]
 [60.78 61.   61.38 60.35]]
over! 2020/08/12 03:11:02
