start! 2020/08/25 21:39:29
<class 'sklearn.linear_model._base.LinearRegression'> train score:0.9831432868323705 test score:0.969385113647032
<class 'sklearn.linear_model._base.LinearRegression'> train score:0.9827383290637635 test score:0.968903324661614
<class 'sklearn.linear_model._base.LinearRegression'> train score:0.9832934248828921 test score:0.9694214343607045
<class 'sklearn.linear_model._base.LinearRegression'> train score:0.9825479826327949 test score:0.968848693719776
algorithem:LinearRegression() pred:[101.59, 100.86, 102.29, 99.72]
<class 'sklearn.linear_model._base.LinearRegression'> train score:0.9840284505669409 test score:0.9680526516483301
<class 'sklearn.linear_model._base.LinearRegression'> train score:0.983611145378057 test score:0.9677292837045287
<class 'sklearn.linear_model._base.LinearRegression'> train score:0.984147873813752 test score:0.968241290972361
<class 'sklearn.linear_model._base.LinearRegression'> train score:0.9834996801589275 test score:0.9672538467314572
algorithem:LinearRegression() pred:[101.73, 102.81, 103.4, 100.83]
<class 'sklearn.linear_model._base.LinearRegression'> train score:0.9830179888248438 test score:0.9680293863565336
<class 'sklearn.linear_model._base.LinearRegression'> train score:0.9825749436704548 test score:0.9678205517685707
<class 'sklearn.linear_model._base.LinearRegression'> train score:0.9830759195187544 test score:0.9683863009185336
<class 'sklearn.linear_model._base.LinearRegression'> train score:0.9824713668136066 test score:0.9674882150137816
algorithem:LinearRegression() pred:[100.69, 100.73, 102.46, 98.72]

<class 'sklearn.linear_model._base.LinearRegression'> train score:0.9901495850026962 test score:0.9770349332394747
<class 'sklearn.linear_model._base.LinearRegression'> train score:0.9896767962234427 test score:0.9761942458955819
<class 'sklearn.linear_model._base.LinearRegression'> train score:0.9901080941988628 test score:0.9771530632996192
<class 'sklearn.linear_model._base.LinearRegression'> train score:0.9897089917368213 test score:0.9763326202828779
algorithem:LinearRegression(normalize=True) pred:[116.62, 115.75, 117.62, 114.48]
<class 'sklearn.linear_model._base.LinearRegression'> train score:0.989801717129284 test score:0.975556154698309
<class 'sklearn.linear_model._base.LinearRegression'> train score:0.9894085564677314 test score:0.974783723532379
<class 'sklearn.linear_model._base.LinearRegression'> train score:0.9897702174896772 test score:0.9753868826339854
<class 'sklearn.linear_model._base.LinearRegression'> train score:0.9894361847027558 test score:0.9745625391625241
algorithem:LinearRegression(normalize=True) pred:[110.06, 111.95, 112.12, 109.78]
<class 'sklearn.linear_model._base.LinearRegression'> train score:0.9892257023682649 test score:0.9734498119406774
<class 'sklearn.linear_model._base.LinearRegression'> train score:0.9888424657676773 test score:0.9728000591426125
<class 'sklearn.linear_model._base.LinearRegression'> train score:0.9891620379587756 test score:0.9733166548040817
<class 'sklearn.linear_model._base.LinearRegression'> train score:0.9888282057707949 test score:0.972606742167494
algorithem:LinearRegression(normalize=True) pred:[114.33, 114.51, 116.2, 112.2]

<class 'sklearn.linear_model._ridge.Ridge'> train score:0.9767621807200932 test score:0.9504200665521111
<class 'sklearn.linear_model._ridge.Ridge'> train score:0.976295328152954 test score:0.9510479386420044
<class 'sklearn.linear_model._ridge.Ridge'> train score:0.9771136447921219 test score:0.9516470451915267
<class 'sklearn.linear_model._ridge.Ridge'> train score:0.9759311863511748 test score:0.9500497486850876
algorithem:Ridge() pred:[84.29, 83.78, 85.15, 82.52]
<class 'sklearn.linear_model._ridge.Ridge'> train score:0.9767301254321603 test score:0.9453723236354821
<class 'sklearn.linear_model._ridge.Ridge'> train score:0.9763188352210216 test score:0.9459228086984677
<class 'sklearn.linear_model._ridge.Ridge'> train score:0.977003365921242 test score:0.9465305255678318
<class 'sklearn.linear_model._ridge.Ridge'> train score:0.9760494569364978 test score:0.9441859762133252
algorithem:Ridge() pred:[83.77, 84.91, 85.21, 83.23]
<class 'sklearn.linear_model._ridge.Ridge'> train score:0.9758707053227916 test score:0.9466897239779947
<class 'sklearn.linear_model._ridge.Ridge'> train score:0.9755608490609547 test score:0.9471533650810554
<class 'sklearn.linear_model._ridge.Ridge'> train score:0.9761514351872616 test score:0.947744611640186
<class 'sklearn.linear_model._ridge.Ridge'> train score:0.9752052060442329 test score:0.9456696589390469
algorithem:Ridge() pred:[78.32, 78.31, 80.22, 76.3]

<class 'sklearn.linear_model._ridge.Ridge'> train score:0.971245698668082 test score:0.9675701700579971
<class 'sklearn.linear_model._ridge.Ridge'> train score:0.9706069124706704 test score:0.9671588411918068
<class 'sklearn.linear_model._ridge.Ridge'> train score:0.9715727178866225 test score:0.9678312424279405
<class 'sklearn.linear_model._ridge.Ridge'> train score:0.9702905602917073 test score:0.9668990860994359
algorithem:Ridge(normalize=True) pred:[95.83, 95.53, 97.09, 94.34]
<class 'sklearn.linear_model._ridge.Ridge'> train score:0.9707009095112983 test score:0.966821764126328
<class 'sklearn.linear_model._ridge.Ridge'> train score:0.9702752425298857 test score:0.9661170262853129
<class 'sklearn.linear_model._ridge.Ridge'> train score:0.9710634549291646 test score:0.9669523319232443
<class 'sklearn.linear_model._ridge.Ridge'> train score:0.969925087454755 test score:0.9655185766590291
algorithem:Ridge(normalize=True) pred:[94.34, 94.66, 95.85, 93.07]
<class 'sklearn.linear_model._ridge.Ridge'> train score:0.9696879730531479 test score:0.966754116910375
<class 'sklearn.linear_model._ridge.Ridge'> train score:0.9692902656225661 test score:0.9663578513805586
<class 'sklearn.linear_model._ridge.Ridge'> train score:0.970010154509334 test score:0.9672639751896256
<class 'sklearn.linear_model._ridge.Ridge'> train score:0.9689094570791175 test score:0.9654983440669878
algorithem:Ridge(normalize=True) pred:[94.05, 94.11, 95.65, 92.23]

<class 'sklearn.linear_model._coordinate_descent.Lasso'> train score:0.905900221925192 test score:0.8829075756843727
<class 'sklearn.linear_model._coordinate_descent.Lasso'> train score:0.9051748616988596 test score:0.8820497636281217
<class 'sklearn.linear_model._coordinate_descent.Lasso'> train score:0.9080036996491898 test score:0.8849613852454087
<class 'sklearn.linear_model._coordinate_descent.Lasso'> train score:0.9031070718774095 test score:0.8795503831617193
algorithem:Lasso() pred:[62.83, 62.73, 63.99, 61.61]
<class 'sklearn.linear_model._coordinate_descent.Lasso'> train score:0.9066992220354614 test score:0.8903046547687071
<class 'sklearn.linear_model._coordinate_descent.Lasso'> train score:0.906421353016861 test score:0.8903833547207001
<class 'sklearn.linear_model._coordinate_descent.Lasso'> train score:0.9089341455124349 test score:0.8929706297933886
<class 'sklearn.linear_model._coordinate_descent.Lasso'> train score:0.9043169596886504 test score:0.8871975381421671
algorithem:Lasso() pred:[61.01, 60.8, 62.25, 59.85]
<class 'sklearn.linear_model._coordinate_descent.Lasso'> train score:0.9061126828452262 test score:0.8943771802689328
<class 'sklearn.linear_model._coordinate_descent.Lasso'> train score:0.9057621017380488 test score:0.8953846722862749
<class 'sklearn.linear_model._coordinate_descent.Lasso'> train score:0.9082359713394592 test score:0.8976830001311034
<class 'sklearn.linear_model._coordinate_descent.Lasso'> train score:0.9037271852239279 test score:0.8914707097474007
algorithem:Lasso() pred:[54.97, 54.2, 56.02, 52.86]

<class 'sklearn.linear_model._coordinate_descent.Lasso'> train score:0.0 test score:-0.00032826513164785354
<class 'sklearn.linear_model._coordinate_descent.Lasso'> train score:0.0 test score:-0.0003177506583647016
<class 'sklearn.linear_model._coordinate_descent.Lasso'> train score:0.0 test score:-0.00030705923275986535
<class 'sklearn.linear_model._coordinate_descent.Lasso'> train score:0.0 test score:-0.0003363729289325157
algorithem:Lasso(normalize=True) pred:[13.34, 13.36, 13.57, 13.13]
<class 'sklearn.linear_model._coordinate_descent.Lasso'> train score:0.0 test score:-2.9645201395922527e-06
<class 'sklearn.linear_model._coordinate_descent.Lasso'> train score:0.0 test score:-8.512291822526663e-07
<class 'sklearn.linear_model._coordinate_descent.Lasso'> train score:0.0 test score:-9.740156616810935e-07
<class 'sklearn.linear_model._coordinate_descent.Lasso'> train score:0.0 test score:-1.5637870458551362e-06
algorithem:Lasso(normalize=True) pred:[13.43, 13.45, 13.66, 13.22]
<class 'sklearn.linear_model._coordinate_descent.Lasso'> train score:0.0 test score:-0.00017961390842180514
<class 'sklearn.linear_model._coordinate_descent.Lasso'> train score:0.0 test score:-0.00021979736682231632
<class 'sklearn.linear_model._coordinate_descent.Lasso'> train score:0.0 test score:-0.00021553006047936307
<class 'sklearn.linear_model._coordinate_descent.Lasso'> train score:0.0 test score:-0.0002004584273440635
algorithem:Lasso(normalize=True) pred:[13.5, 13.53, 13.74, 13.3]

AVERAGE:
[[79.08 78.67 79.95 77.63]
 [77.39 78.1  78.75 76.66]
 [75.98 75.9  77.38 74.27]]
over! 2020/08/25 21:41:13
