start! 2020/08/25 21:40:52
<class 'sklearn.linear_model._base.LinearRegression'> train score:0.9725023370277461 test score:0.9500716584524124
<class 'sklearn.linear_model._base.LinearRegression'> train score:0.9713819306443895 test score:0.9470821174230596
<class 'sklearn.linear_model._base.LinearRegression'> train score:0.972911184684111 test score:0.9505673269488438
<class 'sklearn.linear_model._base.LinearRegression'> train score:0.9711206374246419 test score:0.9477690646814803
algorithem:LinearRegression() pred:[27.14, 26.99, 27.81, 26.2]
<class 'sklearn.linear_model._base.LinearRegression'> train score:0.9707326087178477 test score:0.9439505893583484
<class 'sklearn.linear_model._base.LinearRegression'> train score:0.968484866104457 test score:0.9403233385135366
<class 'sklearn.linear_model._base.LinearRegression'> train score:0.970584547679702 test score:0.9436382082769879
<class 'sklearn.linear_model._base.LinearRegression'> train score:0.9688402858694911 test score:0.941499230692433
algorithem:LinearRegression() pred:[25.67, 25.78, 26.94, 24.93]
<class 'sklearn.linear_model._base.LinearRegression'> train score:0.9678434127990357 test score:0.9441022431115214
<class 'sklearn.linear_model._base.LinearRegression'> train score:0.9665797629669212 test score:0.9430620334726854
<class 'sklearn.linear_model._base.LinearRegression'> train score:0.9678918724814111 test score:0.945241709801313
<class 'sklearn.linear_model._base.LinearRegression'> train score:0.9663763373785355 test score:0.9423753619152467
algorithem:LinearRegression() pred:[27.08, 27.32, 27.85, 26.31]

<class 'sklearn.linear_model._base.LinearRegression'> train score:0.9784753232354162 test score:0.9533541952215505
<class 'sklearn.linear_model._base.LinearRegression'> train score:0.977440497808289 test score:0.9494413327970166
<class 'sklearn.linear_model._base.LinearRegression'> train score:0.978698066650094 test score:0.9532773366287371
<class 'sklearn.linear_model._base.LinearRegression'> train score:0.9773451962382851 test score:0.9509734659047389
algorithem:LinearRegression(normalize=True) pred:[27.96, 28.1, 28.84, 27.27]
<class 'sklearn.linear_model._base.LinearRegression'> train score:0.9767064774747918 test score:0.9481104580613824
<class 'sklearn.linear_model._base.LinearRegression'> train score:0.9757511512265638 test score:0.9437299312635996
<class 'sklearn.linear_model._base.LinearRegression'> train score:0.9769242983595565 test score:0.9474202532892605
<class 'sklearn.linear_model._base.LinearRegression'> train score:0.975531166375945 test score:0.9448089012225886
algorithem:LinearRegression(normalize=True) pred:[27.36, 27.66, 28.69, 26.71]
<class 'sklearn.linear_model._base.LinearRegression'> train score:0.9740886878286756 test score:0.9475447911844765
<class 'sklearn.linear_model._base.LinearRegression'> train score:0.9730748927555778 test score:0.945143443752377
<class 'sklearn.linear_model._base.LinearRegression'> train score:0.9741508615901053 test score:0.9476319974189443
<class 'sklearn.linear_model._base.LinearRegression'> train score:0.972940128598795 test score:0.9450208840176887
algorithem:LinearRegression(normalize=True) pred:[28.22, 28.84, 29.27, 27.63]

<class 'sklearn.linear_model._ridge.Ridge'> train score:0.9721352235798618 test score:0.9529650148639184
<class 'sklearn.linear_model._ridge.Ridge'> train score:0.9708531635695261 test score:0.9499889842304464
<class 'sklearn.linear_model._ridge.Ridge'> train score:0.9723965733115686 test score:0.9531555642231371
<class 'sklearn.linear_model._ridge.Ridge'> train score:0.970699891253892 test score:0.9508233766786286
algorithem:Ridge() pred:[26.82, 26.63, 27.44, 25.94]
<class 'sklearn.linear_model._ridge.Ridge'> train score:0.9706042457293995 test score:0.9463031488730529
<class 'sklearn.linear_model._ridge.Ridge'> train score:0.9693604599946667 test score:0.9438374533292908
<class 'sklearn.linear_model._ridge.Ridge'> train score:0.970828918573992 test score:0.9463512313165032
<class 'sklearn.linear_model._ridge.Ridge'> train score:0.9690779658892851 test score:0.9442776782357645
algorithem:Ridge() pred:[25.1, 25.1, 26.2, 24.32]
<class 'sklearn.linear_model._ridge.Ridge'> train score:0.9672797073310436 test score:0.9474547751038739
<class 'sklearn.linear_model._ridge.Ridge'> train score:0.9660350581652044 test score:0.9461110134865571
<class 'sklearn.linear_model._ridge.Ridge'> train score:0.967365771779339 test score:0.9481153844686886
<class 'sklearn.linear_model._ridge.Ridge'> train score:0.9658315808111899 test score:0.9456284309922819
algorithem:Ridge() pred:[25.93, 26.13, 26.71, 25.21]

<class 'sklearn.linear_model._ridge.Ridge'> train score:0.9503993744307201 test score:0.9344320342768346
<class 'sklearn.linear_model._ridge.Ridge'> train score:0.948514968326687 test score:0.9323205247871285
<class 'sklearn.linear_model._ridge.Ridge'> train score:0.951120022515805 test score:0.9352789572612087
<class 'sklearn.linear_model._ridge.Ridge'> train score:0.9478873450782099 test score:0.9331692581442934
algorithem:Ridge(normalize=True) pred:[24.55, 24.72, 25.27, 24.01]
<class 'sklearn.linear_model._ridge.Ridge'> train score:0.9479780469555162 test score:0.9274326682640205
<class 'sklearn.linear_model._ridge.Ridge'> train score:0.9464985712655197 test score:0.9245260389516533
<class 'sklearn.linear_model._ridge.Ridge'> train score:0.948805188646172 test score:0.9276375511784883
<class 'sklearn.linear_model._ridge.Ridge'> train score:0.9456410352394865 test score:0.9252263483156923
algorithem:Ridge(normalize=True) pred:[23.61, 23.73, 24.44, 23.0]
<class 'sklearn.linear_model._ridge.Ridge'> train score:0.9432187369246776 test score:0.9321226036548822
<class 'sklearn.linear_model._ridge.Ridge'> train score:0.9414410096438116 test score:0.9310414159683499
<class 'sklearn.linear_model._ridge.Ridge'> train score:0.9437322092383365 test score:0.9330626552335312
<class 'sklearn.linear_model._ridge.Ridge'> train score:0.9408475175177591 test score:0.9306359044560969
algorithem:Ridge(normalize=True) pred:[24.22, 24.4, 24.9, 23.71]

<class 'sklearn.linear_model._coordinate_descent.Lasso'> train score:0.6964834599652961 test score:0.6580756652224381
<class 'sklearn.linear_model._coordinate_descent.Lasso'> train score:0.694922618547206 test score:0.6564853387584051
<class 'sklearn.linear_model._coordinate_descent.Lasso'> train score:0.6958887299651266 test score:0.6577374360514665
<class 'sklearn.linear_model._coordinate_descent.Lasso'> train score:0.6940036929412572 test score:0.6582679321083466
algorithem:Lasso() pred:[9.65, 9.78, 9.94, 9.5]
<class 'sklearn.linear_model._coordinate_descent.Lasso'> train score:0.6971424935830473 test score:0.65243021708336
<class 'sklearn.linear_model._coordinate_descent.Lasso'> train score:0.6959838605145655 test score:0.6490277512816021
<class 'sklearn.linear_model._coordinate_descent.Lasso'> train score:0.6969142361052976 test score:0.6509634589142665
<class 'sklearn.linear_model._coordinate_descent.Lasso'> train score:0.6946687338034286 test score:0.6522471350961527
algorithem:Lasso() pred:[9.02, 8.92, 9.16, 8.78]
<class 'sklearn.linear_model._coordinate_descent.Lasso'> train score:0.6962463393310918 test score:0.6599044413086527
<class 'sklearn.linear_model._coordinate_descent.Lasso'> train score:0.6950308550398727 test score:0.6565402414212562
<class 'sklearn.linear_model._coordinate_descent.Lasso'> train score:0.696464203401397 test score:0.657211034537977
<class 'sklearn.linear_model._coordinate_descent.Lasso'> train score:0.6940221213454649 test score:0.6583760700807095
algorithem:Lasso() pred:[10.12, 10.24, 10.43, 9.91]

<class 'sklearn.linear_model._coordinate_descent.Lasso'> train score:0.0 test score:-0.0004570631817004678
<class 'sklearn.linear_model._coordinate_descent.Lasso'> train score:0.0 test score:-0.00046142952249073055
<class 'sklearn.linear_model._coordinate_descent.Lasso'> train score:0.0 test score:-0.0004825149402454265
<class 'sklearn.linear_model._coordinate_descent.Lasso'> train score:0.0 test score:-0.0004239672267101202
algorithem:Lasso(normalize=True) pred:[3.72, 3.73, 3.81, 3.65]
<class 'sklearn.linear_model._coordinate_descent.Lasso'> train score:0.0 test score:-0.0006129282388851465
<class 'sklearn.linear_model._coordinate_descent.Lasso'> train score:0.0 test score:-0.0007035532127928068
<class 'sklearn.linear_model._coordinate_descent.Lasso'> train score:0.0 test score:-0.0007059905323558713
<class 'sklearn.linear_model._coordinate_descent.Lasso'> train score:0.0 test score:-0.0005827835757907796
algorithem:Lasso(normalize=True) pred:[3.72, 3.74, 3.81, 3.65]
<class 'sklearn.linear_model._coordinate_descent.Lasso'> train score:0.0 test score:-9.159060469543512e-05
<class 'sklearn.linear_model._coordinate_descent.Lasso'> train score:0.0 test score:-8.806649010817402e-05
<class 'sklearn.linear_model._coordinate_descent.Lasso'> train score:0.0 test score:-8.96936804248849e-05
<class 'sklearn.linear_model._coordinate_descent.Lasso'> train score:0.0 test score:-7.32155885003749e-05
algorithem:Lasso(normalize=True) pred:[3.71, 3.72, 3.8, 3.64]

AVERAGE:
[[19.97 19.99 20.52 19.43]
 [19.08 19.15 19.87 18.57]
 [19.88 20.11 20.49 19.4 ]]
over! 2020/08/25 21:43:17
