start! 2020/08/13 00:44:59
algorithem:1 pred:[19.55, 19.56, 20.1, 19.83]
algorithem:1 pred:[19.47, 20.39, 20.66, 19.01]
algorithem:1 pred:[18.64, 19.11, 19.23, 18.74]
algorithem:1 pred:[18.64, 18.78, 18.77, 18.53]
algorithem:1 pred:[19.07, 19.72, 20.17, 19.07]
algorithem:1 pred:[18.98, 18.26, 19.04, 18.13]
algorithem:1 pred:[21.0, 21.86, 21.73, 20.69]
algorithem:1 pred:[21.84, 21.37, 22.23, 21.53]
algorithem:1 pred:[20.85, 21.24, 21.1, 20.97]
algorithem:1 pred:[21.79, 22.9, 22.47, 21.76]

algorithem:2 pred:[18.83, 19.06, 19.6, 18.04]
algorithem:2 pred:[18.84, 18.86, 19.43, 18.52]
algorithem:2 pred:[19.21, 19.26, 19.57, 18.06]
algorithem:2 pred:[19.72, 19.67, 20.5, 18.85]
algorithem:2 pred:[19.73, 19.48, 19.17, 18.07]
algorithem:2 pred:[19.72, 18.65, 20.54, 18.98]
algorithem:2 pred:[18.95, 19.16, 20.85, 19.06]
algorithem:2 pred:[18.4, 17.23, 19.49, 16.92]
algorithem:2 pred:[19.0, 18.75, 19.57, 18.27]
algorithem:2 pred:[20.01, 20.31, 20.01, 19.59]

algorithem:3 pred:[19.04, 18.66, 19.7, 18.61]
algorithem:3 pred:[19.06, 19.0, 19.65, 18.59]
algorithem:3 pred:[19.1, 19.03, 19.38, 18.66]
algorithem:3 pred:[18.71, 18.73, 19.23, 18.26]
algorithem:3 pred:[18.44, 20.12, 20.94, 17.98]
algorithem:3 pred:[19.93, 20.12, 20.71, 18.31]
algorithem:3 pred:[18.86, 19.05, 19.31, 18.61]
algorithem:3 pred:[18.43, 18.36, 18.8, 17.86]
algorithem:3 pred:[18.27, 18.25, 18.14, 17.83]
algorithem:3 pred:[18.34, 18.28, 18.7, 17.94]

AVERAGE:
[[19.14 19.09 19.8  18.83]
 [19.12 19.42 19.91 18.71]
 [18.98 19.13 19.39 18.49]
 [19.02 19.06 19.5  18.55]
 [19.08 19.77 20.09 18.37]
 [19.54 19.01 20.1  18.47]
 [19.6  20.02 20.63 19.45]
 [19.56 18.99 20.17 18.77]
 [19.37 19.41 19.6  19.02]
 [20.05 20.5  20.39 19.76]]
over! 2020/08/13 00:50:26
