start! 2020/08/13 00:45:53
algorithem:1 pred:[92.91, 92.13, 88.66, 93.34]
algorithem:1 pred:[92.24, 97.15, 89.74, 91.75]
algorithem:1 pred:[77.84, 72.45, 79.5, 79.34]
algorithem:1 pred:[69.37, 71.65, 74.46, 68.98]
algorithem:1 pred:[95.57, 114.05, 108.3, 97.24]
algorithem:1 pred:[74.0, 84.29, 83.66, 79.06]
algorithem:1 pred:[88.51, 98.73, 95.76, 94.69]
algorithem:1 pred:[90.57, 86.05, 98.94, 80.68]
algorithem:1 pred:[80.16, 104.8, 92.82, 91.65]
algorithem:1 pred:[119.31, 110.82, 108.8, 110.48]

algorithem:2 pred:[92.91, 94.47, 97.61, 91.35]
algorithem:2 pred:[96.9, 95.91, 96.42, 91.81]
algorithem:2 pred:[90.02, 95.49, 94.59, 87.67]
algorithem:2 pred:[98.31, 105.31, 108.07, 94.49]
algorithem:2 pred:[103.05, 98.92, 103.8, 95.42]
algorithem:2 pred:[99.4, 102.94, 103.6, 100.36]
algorithem:2 pred:[97.76, 97.95, 103.27, 94.33]
algorithem:2 pred:[100.64, 97.83, 104.11, 92.5]
algorithem:2 pred:[98.88, 102.85, 105.48, 96.81]
algorithem:2 pred:[100.02, 104.4, 101.46, 97.88]

algorithem:3 pred:[93.97, 96.06, 92.66, 92.37]
algorithem:3 pred:[92.79, 93.39, 96.41, 90.57]
algorithem:3 pred:[94.03, 93.57, 96.69, 90.65]
algorithem:3 pred:[99.4, 96.37, 110.02, 95.7]
algorithem:3 pred:[100.57, 104.23, 101.61, 95.82]
algorithem:3 pred:[99.51, 101.77, 104.15, 95.71]
algorithem:3 pred:[99.59, 93.89, 101.09, 94.98]
algorithem:3 pred:[99.31, 101.21, 103.76, 96.02]
algorithem:3 pred:[102.68, 101.24, 104.06, 95.7]
algorithem:3 pred:[106.07, 106.07, 109.03, 95.48]

AVERAGE:
[[ 93.26  94.22  92.98  92.35]
 [ 93.98  95.48  94.19  91.38]
 [ 87.3   87.17  90.26  85.89]
 [ 89.03  91.11  97.52  86.39]
 [ 99.73 105.73 104.57  96.16]
 [ 90.97  96.33  97.14  91.71]
 [ 95.29  96.86 100.04  94.67]
 [ 96.84  95.03 102.27  89.73]
 [ 93.91 102.96 100.79  94.72]
 [108.47 107.1  106.43 101.28]]
over! 2020/08/13 00:47:27
