start! 2020/08/13 00:44:59
algorithem:1 pred:[46.12, 46.54, 47.6, 45.14]
algorithem:1 pred:[47.79, 49.2, 49.31, 47.07]
algorithem:1 pred:[47.62, 47.05, 48.02, 46.54]
algorithem:1 pred:[46.75, 47.44, 47.85, 46.06]
algorithem:1 pred:[43.21, 41.87, 43.4, 41.08]
algorithem:1 pred:[43.67, 44.34, 45.4, 42.96]
algorithem:1 pred:[44.86, 44.29, 45.17, 43.62]
algorithem:1 pred:[42.52, 42.01, 43.37, 41.0]
algorithem:1 pred:[43.13, 43.66, 44.15, 42.8]
algorithem:1 pred:[47.58, 46.81, 48.0, 46.02]

algorithem:2 pred:[46.64, 46.1, 46.9, 45.19]
algorithem:2 pred:[45.94, 45.88, 46.9, 44.76]
algorithem:2 pred:[46.79, 46.35, 45.58, 45.36]
algorithem:2 pred:[46.68, 46.27, 47.31, 45.71]
algorithem:2 pred:[46.56, 46.03, 46.88, 45.16]
algorithem:2 pred:[46.37, 46.52, 46.66, 46.13]
algorithem:2 pred:[46.16, 46.44, 46.69, 45.61]
algorithem:2 pred:[46.98, 45.95, 47.14, 45.07]
algorithem:2 pred:[46.97, 45.52, 47.17, 45.54]
algorithem:2 pred:[45.74, 46.43, 47.11, 43.33]

algorithem:3 pred:[44.78, 45.16, 45.89, 44.04]
algorithem:3 pred:[44.99, 45.71, 45.92, 44.4]
algorithem:3 pred:[44.87, 45.19, 45.94, 44.05]
algorithem:3 pred:[44.85, 45.29, 45.95, 44.56]
algorithem:3 pred:[44.77, 45.1, 45.93, 44.04]
algorithem:3 pred:[45.01, 45.24, 45.98, 44.24]
algorithem:3 pred:[44.94, 45.32, 46.06, 44.29]
algorithem:3 pred:[45.36, 45.24, 46.11, 44.16]
algorithem:3 pred:[45.08, 45.27, 46.12, 44.1]
algorithem:3 pred:[44.68, 45.16, 45.88, 44.03]

AVERAGE:
[[45.85 45.93 46.8  44.79]
 [46.24 46.93 47.38 45.41]
 [46.43 46.2  46.51 45.32]
 [46.09 46.33 47.04 45.44]
 [44.85 44.33 45.4  43.43]
 [45.02 45.37 46.01 44.44]
 [45.32 45.35 45.97 44.51]
 [44.95 44.4  45.54 43.41]
 [45.06 44.82 45.81 44.15]
 [46.   46.13 47.   44.46]]
over! 2020/08/13 00:50:29
