start! 2020/08/13 00:45:06
algorithem:1 pred:[89.3, 87.36, 89.94, 86.02]
algorithem:1 pred:[87.74, 89.78, 91.25, 88.19]
algorithem:1 pred:[87.73, 85.34, 88.19, 85.85]
algorithem:1 pred:[90.19, 90.19, 91.55, 87.71]
algorithem:1 pred:[91.71, 89.78, 92.86, 88.82]
algorithem:1 pred:[85.92, 87.8, 88.91, 84.96]
algorithem:1 pred:[85.85, 85.53, 86.94, 83.7]
algorithem:1 pred:[80.08, 81.83, 82.7, 77.97]
algorithem:1 pred:[88.71, 87.99, 90.36, 86.36]
algorithem:1 pred:[87.67, 87.58, 89.27, 86.34]

algorithem:2 pred:[91.33, 92.77, 94.33, 90.7]
algorithem:2 pred:[92.87, 94.69, 94.69, 88.98]
algorithem:2 pred:[95.89, 94.4, 92.73, 92.06]
algorithem:2 pred:[96.83, 98.06, 98.12, 94.74]
algorithem:2 pred:[95.49, 95.92, 96.38, 93.43]
algorithem:2 pred:[94.49, 94.41, 95.14, 93.67]
algorithem:2 pred:[97.14, 94.53, 95.35, 95.0]
algorithem:2 pred:[94.87, 92.64, 97.05, 94.2]
algorithem:2 pred:[97.83, 94.99, 95.83, 92.93]
algorithem:2 pred:[94.88, 96.25, 95.69, 93.33]

algorithem:3 pred:[91.44, 94.59, 92.04, 93.59]
algorithem:3 pred:[92.65, 94.59, 93.08, 93.59]
algorithem:3 pred:[92.29, 96.85, 93.56, 95.48]
algorithem:3 pred:[97.22, 97.6, 99.8, 95.21]
algorithem:3 pred:[97.94, 97.21, 99.28, 95.78]
algorithem:3 pred:[96.69, 96.81, 98.75, 94.87]
algorithem:3 pred:[92.37, 92.35, 93.63, 91.07]
algorithem:3 pred:[97.45, 96.79, 98.99, 95.54]
algorithem:3 pred:[97.0, 92.24, 98.8, 95.26]
algorithem:3 pred:[97.12, 96.7, 98.93, 95.44]

AVERAGE:
[[90.69 91.57 92.1  90.1 ]
 [91.09 93.02 93.01 90.25]
 [91.97 92.2  91.49 91.13]
 [94.75 95.28 96.49 92.55]
 [95.05 94.3  96.17 92.68]
 [92.37 93.01 94.27 91.17]
 [91.79 90.8  91.97 89.92]
 [90.8  90.42 92.91 89.24]
 [94.51 91.74 95.   91.52]
 [93.22 93.51 94.63 91.7 ]]
over! 2020/08/13 00:55:20
