start! 2020/08/13 00:45:42
algorithem:1 pred:[22.22, 21.78, 22.7, 21.44]
algorithem:1 pred:[21.73, 22.33, 22.57, 21.48]
algorithem:1 pred:[22.17, 22.41, 22.77, 21.88]
algorithem:1 pred:[22.63, 22.51, 23.15, 22.03]
algorithem:1 pred:[21.77, 22.06, 22.72, 21.33]
algorithem:1 pred:[21.75, 21.27, 22.27, 20.97]
algorithem:1 pred:[21.18, 21.15, 21.83, 20.5]
algorithem:1 pred:[20.09, 20.3, 20.85, 19.59]
algorithem:1 pred:[21.46, 21.13, 21.89, 20.8]
algorithem:1 pred:[20.21, 20.09, 20.66, 19.89]

algorithem:2 pred:[20.9, 20.91, 21.46, 19.95]
algorithem:2 pred:[20.25, 19.97, 21.49, 19.97]
algorithem:2 pred:[20.72, 20.72, 20.81, 20.42]
algorithem:2 pred:[21.23, 20.52, 21.46, 20.18]
algorithem:2 pred:[21.13, 20.67, 21.24, 20.66]
algorithem:2 pred:[19.97, 21.19, 20.49, 19.91]
algorithem:2 pred:[20.52, 20.77, 21.8, 20.5]
algorithem:2 pred:[20.72, 21.15, 20.49, 20.12]
algorithem:2 pred:[20.77, 21.15, 21.12, 21.16]
algorithem:2 pred:[20.35, 21.39, 21.82, 20.6]

algorithem:3 pred:[18.67, 18.77, 19.07, 18.35]
algorithem:3 pred:[18.58, 19.66, 19.02, 18.27]
algorithem:3 pred:[19.48, 19.57, 20.05, 19.23]
algorithem:3 pred:[19.48, 19.62, 20.05, 19.23]
algorithem:3 pred:[18.65, 19.49, 19.71, 19.1]
algorithem:3 pred:[18.67, 19.57, 19.7, 18.34]
algorithem:3 pred:[19.56, 19.71, 20.17, 19.28]
algorithem:3 pred:[19.49, 19.58, 19.93, 19.21]
algorithem:3 pred:[19.62, 19.7, 20.15, 19.36]
algorithem:3 pred:[19.85, 19.97, 20.29, 19.47]

AVERAGE:
[[20.6  20.49 21.08 19.91]
 [20.19 20.65 21.03 19.91]
 [20.79 20.9  21.21 20.51]
 [21.11 20.88 21.55 20.48]
 [20.52 20.74 21.22 20.36]
 [20.13 20.68 20.82 19.74]
 [20.42 20.54 21.27 20.09]
 [20.1  20.34 20.42 19.64]
 [20.62 20.66 21.05 20.44]
 [20.14 20.48 20.92 19.99]]
over! 2020/08/13 00:57:25
