start! 2020/08/13 00:45:11
algorithem:1 pred:[58.77, 58.36, 59.51, 57.76]
algorithem:1 pred:[59.09, 58.88, 60.01, 58.52]
algorithem:1 pred:[60.14, 60.23, 61.3, 59.27]
algorithem:1 pred:[60.69, 62.47, 62.5, 60.95]
algorithem:1 pred:[61.13, 61.61, 62.42, 60.76]
algorithem:1 pred:[61.7, 62.24, 62.53, 60.57]
algorithem:1 pred:[60.58, 60.4, 61.52, 59.78]
algorithem:1 pred:[61.17, 60.42, 61.9, 60.73]
algorithem:1 pred:[60.8, 61.52, 61.48, 61.11]
algorithem:1 pred:[60.78, 60.16, 61.49, 59.55]

algorithem:2 pred:[60.95, 61.85, 62.73, 60.12]
algorithem:2 pred:[59.53, 58.68, 61.25, 58.6]
algorithem:2 pred:[61.89, 61.45, 59.64, 59.75]
algorithem:2 pred:[60.63, 61.5, 62.63, 59.09]
algorithem:2 pred:[61.01, 60.43, 60.88, 59.25]
algorithem:2 pred:[58.88, 58.31, 62.61, 61.43]
algorithem:2 pred:[57.37, 58.03, 60.54, 59.77]
algorithem:2 pred:[60.66, 60.39, 61.04, 60.25]
algorithem:2 pred:[59.34, 56.02, 60.87, 59.49]
algorithem:2 pred:[60.76, 58.94, 61.2, 58.61]

algorithem:3 pred:[60.65, 58.67, 60.05, 59.75]
algorithem:3 pred:[58.83, 61.25, 61.37, 57.89]
algorithem:3 pred:[58.99, 61.25, 61.37, 58.02]
algorithem:3 pred:[61.57, 61.3, 62.35, 60.28]
algorithem:3 pred:[61.68, 61.35, 61.25, 60.41]
algorithem:3 pred:[60.16, 61.17, 61.2, 60.11]
algorithem:3 pred:[61.57, 61.15, 61.18, 60.2]
algorithem:3 pred:[61.55, 61.13, 60.74, 60.16]
algorithem:3 pred:[61.68, 61.16, 61.51, 60.28]
algorithem:3 pred:[61.64, 61.17, 61.52, 60.22]

AVERAGE:
[[60.12 59.63 60.76 59.21]
 [59.15 59.6  60.88 58.34]
 [60.34 60.98 60.77 59.01]
 [60.96 61.76 62.49 60.11]
 [61.27 61.13 61.52 60.14]
 [60.25 60.57 62.11 60.7 ]
 [59.84 59.86 61.08 59.92]
 [61.13 60.65 61.23 60.38]
 [60.61 59.57 61.29 60.29]
 [61.06 60.09 61.4  59.46]]
over! 2020/08/13 00:55:27
