start! 2020/08/11 04:19:03
algorithem:1 pred:[142.28, 141.48, 143.34, 139.19]
algorithem:1 pred:[134.38, 130.24, 135.63, 129.73]
algorithem:1 pred:[129.49, 130.42, 130.31, 130.21]
algorithem:1 pred:[130.88, 134.04, 132.17, 132.05]
algorithem:1 pred:[122.76, 132.38, 129.84, 124.48]
algorithem:1 pred:[130.37, 129.92, 133.19, 127.11]
algorithem:1 pred:[137.56, 134.76, 139.44, 133.78]
algorithem:1 pred:[143.16, 145.16, 145.97, 140.11]
algorithem:1 pred:[133.59, 136.74, 139.16, 130.24]
algorithem:1 pred:[128.31, 122.69, 128.85, 124.45]
algorithem:1 pred:[110.25, 103.75, 106.41, 106.61]
algorithem:1 pred:[117.5, 119.17, 121.37, 116.42]
algorithem:1 pred:[124.41, 132.08, 132.15, 124.5]
algorithem:1 pred:[116.25, 117.8, 117.11, 118.03]
algorithem:1 pred:[127.95, 126.43, 130.4, 124.35]
algorithem:1 pred:[117.91, 122.74, 122.88, 116.78]
algorithem:1 pred:[138.69, 132.48, 134.17, 133.88]
algorithem:1 pred:[150.77, 141.31, 147.17, 142.04]
algorithem:1 pred:[114.99, 116.92, 116.54, 112.51]
algorithem:1 pred:[105.69, 105.33, 106.29, 103.08]
algorithem:1 pred:[137.82, 141.21, 142.41, 138.44]
algorithem:1 pred:[132.28, 131.08, 135.37, 126.18]
algorithem:1 pred:[123.23, 122.52, 125.3, 120.99]
algorithem:1 pred:[130.13, 120.24, 126.13, 120.99]
algorithem:1 pred:[123.3, 122.92, 126.44, 119.63]
algorithem:1 pred:[112.7, 107.49, 114.07, 109.21]
algorithem:1 pred:[104.17, 105.42, 105.38, 103.82]
algorithem:1 pred:[86.33, 84.33, 85.16, 85.0]
algorithem:1 pred:[80.12, 82.3, 80.92, 80.69]
algorithem:1 pred:[108.44, 109.39, 109.96, 106.96]

algorithem:2 pred:[147.34, 157.95, 153.99, 144.94]
algorithem:2 pred:[161.2, 170.41, 179.29, 155.75]
algorithem:2 pred:[153.59, 161.15, 171.83, 161.57]
algorithem:2 pred:[155.56, 162.45, 178.08, 155.64]
algorithem:2 pred:[158.95, 160.07, 172.09, 154.45]
algorithem:2 pred:[155.53, 164.67, 167.98, 149.26]
algorithem:2 pred:[152.02, 154.53, 167.58, 153.24]
algorithem:2 pred:[158.38, 161.95, 167.64, 147.07]
algorithem:2 pred:[154.09, 169.46, 158.45, 150.12]
algorithem:2 pred:[159.29, 164.13, 174.8, 149.14]
algorithem:2 pred:[160.0, 156.91, 164.95, 146.35]
algorithem:2 pred:[164.23, 159.65, 173.45, 150.67]
algorithem:2 pred:[144.65, 164.49, 178.93, 149.98]
algorithem:2 pred:[146.14, 166.98, 168.07, 151.19]
algorithem:2 pred:[154.86, 155.16, 172.96, 156.84]
algorithem:2 pred:[154.67, 167.27, 171.67, 152.79]
algorithem:2 pred:[149.89, 160.37, 174.15, 155.64]
algorithem:2 pred:[149.88, 161.82, 158.39, 147.35]
algorithem:2 pred:[167.95, 155.82, 166.77, 144.17]
algorithem:2 pred:[158.81, 144.28, 160.24, 148.17]
algorithem:2 pred:[168.75, 151.81, 171.88, 162.66]
algorithem:2 pred:[153.29, 159.49, 166.22, 148.79]
algorithem:2 pred:[158.49, 151.61, 159.12, 159.63]
algorithem:2 pred:[166.63, 168.57, 166.65, 158.4]
algorithem:2 pred:[165.23, 159.54, 166.74, 150.34]
algorithem:2 pred:[161.05, 152.09, 157.86, 156.97]
algorithem:2 pred:[151.89, 146.41, 161.87, 146.92]
algorithem:2 pred:[146.0, 154.8, 156.97, 148.62]
algorithem:2 pred:[159.17, 150.39, 153.5, 143.38]
algorithem:2 pred:[147.21, 135.11, 149.13, 145.73]

algorithem:3 pred:[153.01, 150.97, 158.9, 147.92]
algorithem:3 pred:[165.08, 173.12, 178.57, 164.24]
algorithem:3 pred:[166.25, 173.12, 178.57, 164.24]
algorithem:3 pred:[165.08, 167.17, 178.57, 149.71]
algorithem:3 pred:[167.7, 173.12, 172.41, 150.67]
algorithem:3 pred:[155.69, 154.44, 160.15, 150.72]
algorithem:3 pred:[157.21, 156.05, 161.75, 152.22]
algorithem:3 pred:[156.77, 154.8, 160.68, 151.58]
algorithem:3 pred:[154.74, 153.5, 159.01, 149.62]
algorithem:3 pred:[155.19, 154.62, 160.25, 150.38]
algorithem:3 pred:[155.89, 154.13, 159.86, 150.59]
algorithem:3 pred:[155.76, 154.66, 160.03, 150.71]
algorithem:3 pred:[157.07, 154.78, 161.02, 152.02]
algorithem:3 pred:[156.2, 154.89, 160.69, 151.25]
algorithem:3 pred:[154.63, 153.3, 158.76, 149.69]
algorithem:3 pred:[154.6, 153.76, 159.27, 149.79]
algorithem:3 pred:[156.37, 154.75, 160.74, 151.17]
algorithem:3 pred:[155.31, 153.3, 159.08, 150.04]
algorithem:3 pred:[156.26, 155.83, 162.04, 151.49]
algorithem:3 pred:[156.2, 155.5, 161.7, 151.23]
algorithem:3 pred:[155.41, 154.28, 159.87, 150.84]
algorithem:3 pred:[155.18, 153.86, 159.69, 150.23]
algorithem:3 pred:[154.82, 146.21, 159.69, 149.73]
algorithem:3 pred:[145.71, 146.09, 151.03, 141.36]
algorithem:3 pred:[146.32, 145.99, 150.53, 142.14]
algorithem:3 pred:[147.02, 148.42, 152.05, 142.82]
algorithem:3 pred:[148.48, 149.23, 152.34, 143.67]
algorithem:3 pred:[147.67, 148.27, 153.46, 143.26]
algorithem:3 pred:[149.47, 150.03, 155.34, 144.88]
algorithem:3 pred:[150.56, 151.14, 156.57, 146.18]

over! 2020/08/11 04:27:16
