start! 2020/08/12 02:47:04
algorithem:1 pred:[137.67, 134.61, 138.16, 134.96]
algorithem:1 pred:[125.06, 119.28, 122.0, 121.76]
algorithem:1 pred:[128.31, 125.41, 127.15, 128.07]
algorithem:1 pred:[124.27, 129.09, 129.7, 124.42]
algorithem:1 pred:[120.67, 115.1, 114.9, 116.77]
algorithem:1 pred:[118.72, 118.47, 121.85, 115.86]
algorithem:1 pred:[115.65, 114.43, 114.84, 111.67]
algorithem:1 pred:[122.54, 115.21, 122.59, 117.44]
algorithem:1 pred:[135.46, 136.93, 138.01, 133.86]
algorithem:1 pred:[110.97, 119.8, 116.55, 112.79]

algorithem:2 pred:[156.42, 148.8, 166.71, 159.07]
algorithem:2 pred:[152.14, 160.28, 171.89, 155.47]
algorithem:2 pred:[163.25, 159.84, 179.27, 155.16]
algorithem:2 pred:[159.35, 163.1, 173.67, 150.11]
algorithem:2 pred:[164.08, 158.04, 171.37, 153.34]
algorithem:2 pred:[160.11, 148.05, 177.37, 160.12]
algorithem:2 pred:[159.44, 159.63, 164.95, 156.25]
algorithem:2 pred:[146.46, 158.86, 165.84, 153.88]
algorithem:2 pred:[164.05, 161.79, 166.82, 155.74]
algorithem:2 pred:[156.36, 158.69, 162.35, 154.91]

algorithem:3 pred:[166.32, 141.45, 140.88, 137.07]
algorithem:3 pred:[164.24, 172.39, 178.39, 159.32]
algorithem:3 pred:[166.32, 172.14, 179.93, 159.87]
algorithem:3 pred:[166.32, 149.04, 170.58, 148.25]
algorithem:3 pred:[153.1, 172.14, 175.49, 149.37]
algorithem:3 pred:[154.34, 153.94, 179.93, 149.89]
algorithem:3 pred:[154.7, 154.34, 159.31, 150.44]
algorithem:3 pred:[156.28, 156.0, 160.88, 151.97]
algorithem:3 pred:[155.45, 154.87, 159.46, 150.91]
algorithem:3 pred:[153.63, 153.7, 158.17, 149.62]

AVERAGE:
[[153.47 141.62 148.58 143.7 ]
 [147.15 150.65 157.43 145.52]
 [152.63 152.46 162.12 147.7 ]
 [149.98 147.08 157.98 140.93]
 [145.95 148.43 153.92 139.83]
 [144.39 140.15 159.72 141.96]
 [143.26 142.8  146.37 139.45]
 [141.76 143.36 149.77 141.1 ]
 [151.65 151.2  154.76 146.84]
 [140.32 144.06 145.69 139.11]]
over! 2020/08/12 02:49:22
