start! 2020/08/12 02:37:06
algorithem:1 pred:[92.2, 93.2, 94.07, 91.23]
algorithem:1 pred:[94.13, 91.7, 94.9, 91.06]
algorithem:1 pred:[90.37, 90.36, 92.21, 88.63]
algorithem:1 pred:[91.13, 90.69, 92.94, 89.81]
algorithem:1 pred:[89.51, 88.59, 90.55, 86.74]

algorithem:2 pred:[92.77, 91.44, 93.1, 90.53]
algorithem:2 pred:[94.38, 94.81, 96.16, 91.87]
algorithem:2 pred:[95.75, 95.21, 94.74, 94.78]
algorithem:2 pred:[97.08, 97.14, 98.81, 95.63]
algorithem:2 pred:[95.57, 93.71, 95.94, 93.13]

algorithem:3 pred:[90.66, 89.39, 90.2, 87.41]
algorithem:3 pred:[90.07, 92.23, 93.32, 89.03]
algorithem:3 pred:[96.46, 95.52, 98.07, 94.28]
algorithem:3 pred:[96.0, 96.18, 98.07, 94.21]
algorithem:3 pred:[96.63, 96.18, 98.07, 94.35]

AVERAGE:
[[91.88 91.34 92.46 89.72]
 [92.86 92.91 94.79 90.65]
 [94.19 93.7  95.01 92.56]
 [94.74 94.67 96.61 93.22]
 [93.9  92.83 94.85 91.41]]
over! 2020/08/12 02:38:14
