start! 2020/08/12 02:19:28
algorithem:1 pred:[92.53, 92.39, 93.25, 90.86]
algorithem:1 pred:[92.22, 90.78, 93.0, 89.68]
algorithem:1 pred:[89.2, 88.09, 90.41, 87.11]
algorithem:1 pred:[93.69, 91.19, 94.37, 90.89]
algorithem:1 pred:[92.22, 94.41, 94.28, 91.24]
algorithem:1 pred:[94.76, 92.63, 95.55, 91.76]
algorithem:1 pred:[90.49, 92.74, 93.91, 89.33]
algorithem:1 pred:[88.99, 87.03, 89.61, 86.36]
algorithem:1 pred:[93.09, 95.91, 96.69, 91.75]
algorithem:1 pred:[91.29, 91.45, 93.62, 90.28]
algorithem:1 pred:[88.38, 90.0, 91.0, 87.66]
algorithem:1 pred:[94.75, 96.06, 97.26, 93.02]
algorithem:1 pred:[88.06, 90.02, 89.78, 86.88]
algorithem:1 pred:[92.69, 93.72, 95.17, 91.4]
algorithem:1 pred:[86.52, 90.58, 90.03, 87.97]
algorithem:1 pred:[94.43, 94.13, 94.85, 93.32]
algorithem:1 pred:[94.52, 94.11, 95.73, 92.66]
algorithem:1 pred:[93.94, 92.06, 95.21, 91.37]
algorithem:1 pred:[88.08, 88.1, 90.14, 86.31]
algorithem:1 pred:[87.62, 88.49, 89.36, 86.5]
algorithem:1 pred:[86.35, 88.86, 89.63, 85.56]
algorithem:1 pred:[81.38, 79.74, 81.15, 79.33]
algorithem:1 pred:[93.38, 91.47, 94.4, 90.34]
algorithem:1 pred:[98.05, 94.74, 96.95, 94.12]
algorithem:1 pred:[81.28, 81.8, 82.61, 78.44]
algorithem:1 pred:[90.12, 92.59, 93.84, 89.68]
algorithem:1 pred:[95.03, 97.1, 97.49, 93.8]
algorithem:1 pred:[95.36, 96.94, 97.95, 95.2]
algorithem:1 pred:[97.31, 98.85, 98.91, 97.41]
algorithem:1 pred:[90.83, 88.78, 91.04, 88.75]

algorithem:2 pred:[92.95, 91.81, 93.62, 93.87]
algorithem:2 pred:[96.0, 94.35, 91.19, 93.19]
algorithem:2 pred:[93.16, 97.16, 96.82, 94.6]
algorithem:2 pred:[97.0, 96.57, 98.53, 94.01]
algorithem:2 pred:[97.88, 96.96, 101.36, 93.86]
algorithem:2 pred:[93.75, 95.93, 97.36, 94.82]
algorithem:2 pred:[96.66, 94.72, 95.89, 93.7]
algorithem:2 pred:[96.28, 95.21, 98.91, 95.4]
algorithem:2 pred:[96.97, 94.54, 95.58, 94.8]
algorithem:2 pred:[95.78, 95.6, 97.77, 95.9]
algorithem:2 pred:[93.81, 93.34, 95.65, 93.22]
algorithem:2 pred:[96.4, 95.74, 99.35, 94.77]
algorithem:2 pred:[94.5, 95.66, 98.11, 94.92]
algorithem:2 pred:[96.25, 98.59, 98.11, 94.2]
algorithem:2 pred:[96.91, 95.01, 97.61, 95.6]
algorithem:2 pred:[97.39, 96.09, 97.91, 94.9]
algorithem:2 pred:[94.31, 95.55, 100.84, 95.55]
algorithem:2 pred:[95.25, 95.74, 96.83, 93.34]
algorithem:2 pred:[98.07, 96.11, 98.56, 95.19]
algorithem:2 pred:[95.35, 94.97, 98.2, 94.7]
algorithem:2 pred:[96.69, 95.69, 97.66, 95.3]
algorithem:2 pred:[96.95, 99.8, 97.08, 95.89]
algorithem:2 pred:[93.83, 93.07, 92.73, 94.05]
algorithem:2 pred:[96.86, 92.79, 96.91, 93.67]
algorithem:2 pred:[97.58, 99.15, 94.55, 92.59]
algorithem:2 pred:[96.78, 94.16, 99.08, 96.11]
algorithem:2 pred:[96.79, 94.51, 95.86, 92.2]
algorithem:2 pred:[97.81, 93.62, 95.75, 93.08]
algorithem:2 pred:[93.8, 96.61, 95.25, 92.72]
algorithem:2 pred:[95.4, 96.87, 98.31, 93.69]

algorithem:3 pred:[92.17, 89.4, 90.1, 87.08]
algorithem:3 pred:[92.91, 92.42, 93.6, 90.32]
algorithem:3 pred:[97.5, 97.32, 99.33, 95.88]
algorithem:3 pred:[97.92, 98.04, 99.79, 96.01]
algorithem:3 pred:[97.71, 96.67, 98.71, 95.89]
algorithem:3 pred:[97.67, 96.77, 98.72, 95.95]
algorithem:3 pred:[97.67, 91.51, 92.51, 95.95]
algorithem:3 pred:[97.65, 91.65, 92.47, 95.17]
algorithem:3 pred:[97.75, 96.81, 98.69, 95.31]
algorithem:3 pred:[97.36, 97.82, 99.62, 95.72]
algorithem:3 pred:[95.38, 95.24, 97.12, 93.85]
algorithem:3 pred:[97.35, 95.58, 98.72, 90.76]
algorithem:3 pred:[94.8, 94.9, 96.37, 93.35]
algorithem:3 pred:[91.86, 92.79, 93.28, 95.89]
algorithem:3 pred:[98.21, 96.83, 98.98, 95.39]
algorithem:3 pred:[95.29, 95.22, 96.71, 93.81]
algorithem:3 pred:[95.29, 95.27, 98.66, 93.58]
algorithem:3 pred:[97.38, 97.66, 99.52, 95.58]
algorithem:3 pred:[97.72, 97.44, 99.52, 95.63]
algorithem:3 pred:[96.08, 95.76, 99.15, 94.06]
algorithem:3 pred:[97.93, 91.61, 92.36, 96.14]
algorithem:3 pred:[98.34, 97.73, 99.81, 95.63]
algorithem:3 pred:[97.62, 96.75, 98.66, 95.33]
algorithem:3 pred:[97.88, 98.25, 99.69, 96.17]
algorithem:3 pred:[97.74, 97.6, 99.54, 95.79]
algorithem:3 pred:[95.13, 94.96, 96.65, 93.69]
algorithem:3 pred:[95.34, 95.06, 96.89, 93.86]
algorithem:3 pred:[96.56, 92.22, 98.43, 86.94]
algorithem:3 pred:[95.56, 95.5, 91.62, 93.99]
algorithem:3 pred:[97.41, 97.94, 99.78, 95.82]

over! 2020/08/12 02:33:06
