start! 2020/08/11 04:05:23
algorithem:1 pred:[3.53, 3.49, 3.59, 3.42]
algorithem:1 pred:[3.54, 3.56, 3.66, 3.48]
algorithem:1 pred:[3.71, 3.63, 3.72, 3.57]
algorithem:1 pred:[3.42, 3.45, 3.6, 3.26]
algorithem:1 pred:[3.35, 3.41, 3.54, 3.29]
algorithem:1 pred:[3.7, 3.7, 3.76, 3.63]
algorithem:1 pred:[3.61, 3.61, 3.72, 3.55]
algorithem:1 pred:[3.76, 3.8, 3.88, 3.7]
algorithem:1 pred:[3.8, 3.78, 3.88, 3.71]
algorithem:1 pred:[3.45, 3.47, 3.5, 3.38]
algorithem:1 pred:[3.72, 3.73, 3.83, 3.64]
algorithem:1 pred:[3.81, 3.75, 3.91, 3.69]
algorithem:1 pred:[3.72, 3.79, 3.89, 3.66]
algorithem:1 pred:[3.83, 3.83, 3.93, 3.77]
algorithem:1 pred:[3.44, 3.48, 3.51, 3.39]
algorithem:1 pred:[3.8, 3.85, 3.95, 3.68]
algorithem:1 pred:[3.51, 3.53, 3.63, 3.38]
algorithem:1 pred:[3.65, 3.78, 3.88, 3.62]
algorithem:1 pred:[3.58, 3.47, 3.66, 3.43]
algorithem:1 pred:[3.96, 3.86, 3.98, 3.86]
algorithem:1 pred:[3.12, 3.17, 3.21, 3.05]
algorithem:1 pred:[3.74, 3.74, 3.85, 3.6]
algorithem:1 pred:[3.15, 3.18, 3.25, 3.11]
algorithem:1 pred:[3.3, 3.31, 3.35, 3.24]
algorithem:1 pred:[3.87, 3.82, 4.01, 3.76]
algorithem:1 pred:[3.76, 3.81, 3.91, 3.67]
algorithem:1 pred:[3.73, 3.81, 3.88, 3.66]
algorithem:1 pred:[3.86, 3.82, 3.98, 3.76]
algorithem:1 pred:[3.78, 3.79, 3.99, 3.68]
algorithem:1 pred:[3.66, 3.76, 3.81, 3.61]

algorithem:2 pred:[3.48, 3.52, 3.61, 3.39]
algorithem:2 pred:[3.56, 3.55, 3.61, 3.47]
algorithem:2 pred:[3.31, 3.29, 3.35, 3.22]
algorithem:2 pred:[3.33, 3.3, 3.38, 3.26]
algorithem:2 pred:[3.31, 3.28, 3.34, 3.2]
algorithem:2 pred:[3.59, 3.64, 3.73, 3.53]
algorithem:2 pred:[3.37, 3.34, 3.45, 3.21]
algorithem:2 pred:[3.25, 3.2, 3.31, 3.15]
algorithem:2 pred:[3.09, 3.08, 3.15, 3.02]
algorithem:2 pred:[3.26, 3.28, 3.34, 3.23]
algorithem:2 pred:[3.23, 3.25, 3.31, 3.2]
algorithem:2 pred:[3.36, 3.41, 3.48, 3.31]
algorithem:2 pred:[3.38, 3.4, 3.47, 3.32]
algorithem:2 pred:[4.41, 4.41, 4.59, 4.25]
algorithem:2 pred:[3.5, 3.53, 3.6, 3.43]
algorithem:2 pred:[3.44, 3.5, 3.57, 3.38]
algorithem:2 pred:[4.27, 4.22, 4.33, 4.16]
algorithem:2 pred:[3.57, 3.55, 3.62, 3.47]
algorithem:2 pred:[3.74, 3.7, 3.77, 3.68]
algorithem:2 pred:[4.98, 5.03, 5.14, 4.87]
algorithem:2 pred:[4.21, 4.11, 4.29, 4.02]
algorithem:2 pred:[4.72, 4.8, 4.91, 4.65]
algorithem:2 pred:[4.1, 4.05, 4.19, 4.01]
algorithem:2 pred:[4.49, 4.56, 4.66, 4.41]
algorithem:2 pred:[4.03, 4.07, 4.22, 3.91]
algorithem:2 pred:[4.27, 4.34, 4.43, 4.18]
algorithem:2 pred:[2.94, 2.91, 2.96, 2.84]
algorithem:2 pred:[3.11, 3.09, 3.17, 3.02]
algorithem:2 pred:[3.79, 3.76, 3.87, 3.71]
algorithem:2 pred:[3.37, 3.42, 3.51, 3.29]

algorithem:3 pred:[3.55, 3.56, 3.63, 3.47]
algorithem:3 pred:[3.53, 3.53, 3.6, 3.44]
algorithem:3 pred:[3.56, 3.56, 3.63, 3.47]
algorithem:3 pred:[3.39, 3.41, 3.48, 3.31]
algorithem:3 pred:[3.85, 3.88, 3.94, 3.79]
algorithem:3 pred:[3.86, 3.88, 3.95, 3.8]
algorithem:3 pred:[3.03, 3.02, 3.09, 2.95]
algorithem:3 pred:[3.35, 3.36, 3.44, 3.26]
algorithem:3 pred:[3.23, 3.2, 3.29, 3.14]
algorithem:3 pred:[3.05, 3.03, 3.1, 2.97]
algorithem:3 pred:[3.12, 3.11, 3.18, 3.04]
algorithem:3 pred:[3.87, 3.87, 3.95, 3.79]
algorithem:3 pred:[3.88, 3.89, 3.97, 3.8]
algorithem:3 pred:[3.87, 3.89, 3.97, 3.8]
algorithem:3 pred:[3.9, 3.92, 3.99, 3.82]
algorithem:3 pred:[4.19, 4.19, 4.27, 4.11]
algorithem:3 pred:[3.65, 3.66, 3.73, 3.59]
algorithem:3 pred:[4.15, 4.15, 4.23, 4.08]
algorithem:3 pred:[4.15, 4.15, 4.23, 4.07]
algorithem:3 pred:[4.18, 4.18, 4.26, 4.1]
algorithem:3 pred:[4.15, 4.16, 4.24, 4.07]
algorithem:3 pred:[4.09, 4.09, 4.17, 4.01]
algorithem:3 pred:[4.05, 4.05, 4.13, 3.98]
algorithem:3 pred:[4.05, 4.05, 4.12, 3.98]
algorithem:3 pred:[4.43, 4.43, 4.51, 4.34]
algorithem:3 pred:[4.0, 3.99, 4.07, 3.92]
algorithem:3 pred:[4.01, 4.01, 4.08, 3.94]
algorithem:3 pred:[3.12, 3.14, 3.2, 3.06]
algorithem:3 pred:[3.16, 3.17, 3.25, 3.09]
algorithem:3 pred:[3.22, 3.23, 3.3, 3.15]

over! 2020/08/11 04:09:16
