start! 2020/08/11 10:00:32
algorithem:1 pred:[22.8, 22.86, 23.75, 22.14]
algorithem:1 pred:[22.69, 21.77, 22.81, 21.29]
algorithem:1 pred:[21.7, 22.61, 22.62, 20.92]
algorithem:1 pred:[24.11, 23.94, 24.67, 23.15]
algorithem:1 pred:[23.29, 22.65, 23.78, 22.34]
algorithem:1 pred:[22.34, 21.95, 22.83, 21.03]
algorithem:1 pred:[22.82, 22.98, 23.65, 22.13]
algorithem:1 pred:[21.0, 21.14, 21.58, 20.37]
algorithem:1 pred:[21.71, 21.51, 21.7, 21.48]
algorithem:1 pred:[22.8, 22.54, 23.22, 21.74]
algorithem:1 pred:[18.82, 19.0, 19.59, 18.4]
algorithem:1 pred:[21.94, 22.67, 23.03, 21.34]
algorithem:1 pred:[25.41, 25.84, 25.9, 24.94]
algorithem:1 pred:[24.54, 23.95, 25.02, 22.96]
algorithem:1 pred:[25.14, 25.54, 26.42, 24.59]
algorithem:1 pred:[25.33, 25.29, 25.83, 24.98]
algorithem:1 pred:[24.84, 24.74, 25.6, 23.74]
algorithem:1 pred:[23.7, 22.94, 23.4, 22.83]
algorithem:1 pred:[20.94, 21.62, 21.89, 20.73]
algorithem:1 pred:[20.53, 20.27, 20.75, 19.87]
algorithem:1 pred:[18.27, 17.31, 18.15, 17.98]
algorithem:1 pred:[22.5, 22.31, 23.64, 21.44]
algorithem:1 pred:[20.53, 20.17, 20.98, 20.04]
algorithem:1 pred:[22.73, 22.9, 23.27, 21.64]
algorithem:1 pred:[24.05, 22.76, 24.24, 22.11]
algorithem:1 pred:[23.0, 22.99, 23.08, 22.3]
algorithem:1 pred:[22.67, 21.93, 23.24, 21.79]
algorithem:1 pred:[22.36, 21.33, 21.95, 21.14]
algorithem:1 pred:[25.11, 23.59, 25.06, 23.55]
algorithem:1 pred:[23.62, 22.26, 23.44, 22.78]

algorithem:2 pred:[25.0, 23.82, 26.34, 22.22]
algorithem:2 pred:[23.65, 23.97, 24.99, 24.83]
algorithem:2 pred:[24.24, 23.26, 22.74, 22.03]
algorithem:2 pred:[23.31, 22.59, 24.32, 22.75]
algorithem:2 pred:[22.64, 21.37, 22.91, 20.6]
algorithem:2 pred:[23.34, 22.54, 23.46, 22.36]
algorithem:2 pred:[21.24, 20.63, 20.69, 18.17]
algorithem:2 pred:[19.05, 20.74, 19.72, 20.04]
algorithem:2 pred:[15.04, 13.82, 19.73, 15.53]
algorithem:2 pred:[16.87, 16.9, 19.51, 15.83]
algorithem:2 pred:[20.58, 15.54, 16.7, 17.61]
algorithem:2 pred:[17.17, 17.75, 17.43, 16.14]
algorithem:2 pred:[14.24, 17.03, 15.81, 14.12]
algorithem:2 pred:[16.62, 17.93, 13.89, 12.86]
algorithem:2 pred:[13.95, 16.52, 16.82, 17.05]
algorithem:2 pred:[15.93, 19.08, 18.39, 16.84]
algorithem:2 pred:[15.33, 15.68, 15.63, 14.47]
algorithem:2 pred:[18.14, 18.3, 16.52, 21.96]
algorithem:2 pred:[17.27, 16.28, 19.87, 17.16]
algorithem:2 pred:[14.44, 14.05, 15.05, 14.37]
algorithem:2 pred:[13.9, 15.01, 15.91, 15.85]
algorithem:2 pred:[14.53, 14.26, 16.25, 12.99]
algorithem:2 pred:[13.93, 14.93, 15.54, 16.61]
algorithem:2 pred:[14.62, 17.44, 17.0, 15.26]
algorithem:2 pred:[12.89, 14.96, 14.99, 14.41]
algorithem:2 pred:[17.11, 14.21, 15.73, 14.2]
algorithem:2 pred:[13.44, 15.52, 15.27, 15.46]
algorithem:2 pred:[16.91, 15.63, 16.35, 14.19]
algorithem:2 pred:[16.93, 18.72, 16.61, 16.36]
algorithem:2 pred:[16.87, 16.66, 17.61, 18.39]

algorithem:3 pred:[25.04, 24.2, 25.18, 23.9]
algorithem:3 pred:[25.77, 22.17, 25.01, 24.82]
algorithem:3 pred:[26.06, 25.32, 26.64, 20.74]
algorithem:3 pred:[25.77, 21.68, 22.42, 21.06]
algorithem:3 pred:[24.78, 21.29, 22.03, 23.87]
algorithem:3 pred:[25.25, 20.4, 21.22, 19.91]
algorithem:3 pred:[20.38, 22.5, 23.22, 20.69]
algorithem:3 pred:[23.35, 16.43, 23.8, 23.7]
algorithem:3 pred:[18.43, 18.31, 24.28, 13.07]
algorithem:3 pred:[18.45, 14.05, 23.11, 13.34]
algorithem:3 pred:[17.51, 15.34, 16.94, 13.11]
algorithem:3 pred:[18.43, 13.52, 23.75, 12.86]
algorithem:3 pred:[13.44, 14.12, 14.21, 13.57]
algorithem:3 pred:[13.91, 13.79, 14.47, 12.94]
algorithem:3 pred:[13.93, 13.79, 14.48, 13.09]
algorithem:3 pred:[13.72, 13.8, 14.46, 13.02]
algorithem:3 pred:[13.6, 13.85, 14.35, 12.97]
algorithem:3 pred:[15.22, 21.43, 15.79, 13.08]
algorithem:3 pred:[14.21, 14.25, 16.03, 13.42]
algorithem:3 pred:[14.38, 14.51, 15.15, 13.77]
algorithem:3 pred:[14.21, 14.44, 22.46, 21.08]
algorithem:3 pred:[21.61, 14.02, 14.53, 13.16]
algorithem:3 pred:[13.74, 14.14, 21.94, 13.11]
algorithem:3 pred:[22.35, 14.17, 22.54, 13.28]
algorithem:3 pred:[14.1, 16.8, 17.32, 13.41]
algorithem:3 pred:[22.4, 22.32, 18.58, 17.79]
algorithem:3 pred:[14.14, 14.3, 14.91, 13.46]
algorithem:3 pred:[18.06, 17.09, 18.45, 13.44]
algorithem:3 pred:[18.09, 17.08, 18.48, 14.36]
algorithem:3 pred:[13.85, 15.98, 16.48, 15.5]

over! 2020/08/11 10:06:04
